4/7/2020 8:21:12 AM, Info: Initializing SIMPLSharp Services...
4/7/2020 8:21:13 AM, Info: ProjectInfo successfully initialized.
4/7/2020 8:27:49 AM, Info: Validating assembly D:\C#\s#\TCP_Client_Ssharp\TCPClient\TCPClient\bin\Debug\TCP_Client.dll...
4/7/2020 8:27:50 AM, Info: Verifying assembly D:\C#\s#\TCP_Client_Ssharp\TCPClient\TCPClient\bin\Debug\TCP_Client.dll
4/7/2020 8:27:50 AM, Info: Creating Archive D:\C#\s#\TCP_Client_Ssharp\TCPClient\TCPClient\bin\Debug\TCP_Client.clz...
4/7/2020 8:27:51 AM, Info: Saving project information...
4/7/2020 8:38:26 AM, Info: Validating assembly D:\C#\s#\TCP_Client_Ssharp\TCPClient\TCPClient\bin\Debug\TCP_Client.dll...
4/7/2020 8:38:26 AM, Info: Verifying assembly D:\C#\s#\TCP_Client_Ssharp\TCPClient\TCPClient\bin\Debug\TCP_Client.dll
4/7/2020 8:38:26 AM, Info: Creating Archive D:\C#\s#\TCP_Client_Ssharp\TCPClient\TCPClient\bin\Debug\TCP_Client.clz...
4/7/2020 8:38:27 AM, Info: Saving project information...
4/7/2020 8:58:30 AM, Info: Validating assembly D:\C#\s#\TCP_Client_Ssharp\TCPClient\TCPClient\bin\Debug\TCP_Client.dll...
4/7/2020 8:58:31 AM, Info: Verifying assembly D:\C#\s#\TCP_Client_Ssharp\TCPClient\TCPClient\bin\Debug\TCP_Client.dll
4/7/2020 8:58:31 AM, Info: Creating Archive D:\C#\s#\TCP_Client_Ssharp\TCPClient\TCPClient\bin\Debug\TCP_Client.clz...
4/7/2020 8:58:32 AM, Info: Saving project information...
4/7/2020 9:08:16 AM, Info: Validating assembly D:\C#\s#\TCP_Client_Ssharp\TCPClient\TCPClient\bin\Debug\TCP_Client.dll...
4/7/2020 9:08:17 AM, Info: Verifying assembly D:\C#\s#\TCP_Client_Ssharp\TCPClient\TCPClient\bin\Debug\TCP_Client.dll
4/7/2020 9:08:17 AM, Info: Creating Archive D:\C#\s#\TCP_Client_Ssharp\TCPClient\TCPClient\bin\Debug\TCP_Client.clz...
4/7/2020 9:08:18 AM, Info: Saving project information...
4/7/2020 9:14:43 AM, Info: Validating assembly D:\C#\s#\TCP_Client_Ssharp\TCPClient\TCPClient\bin\Debug\TCP_Client.dll...
4/7/2020 9:14:43 AM, Info: Verifying assembly D:\C#\s#\TCP_Client_Ssharp\TCPClient\TCPClient\bin\Debug\TCP_Client.dll
4/7/2020 9:14:43 AM, Info: Creating Archive D:\C#\s#\TCP_Client_Ssharp\TCPClient\TCPClient\bin\Debug\TCP_Client.clz...
4/7/2020 9:14:45 AM, Info: Saving project information...
4/7/2020 9:23:43 AM, Info: Validating assembly D:\C#\s#\TCP_Client_Ssharp\TCPClient\TCPClient\bin\Debug\TCP_Client.dll...
4/7/2020 9:23:43 AM, Info: Verifying assembly D:\C#\s#\TCP_Client_Ssharp\TCPClient\TCPClient\bin\Debug\TCP_Client.dll
4/7/2020 9:23:44 AM, Info: Creating Archive D:\C#\s#\TCP_Client_Ssharp\TCPClient\TCPClient\bin\Debug\TCP_Client.clz...
4/7/2020 9:23:45 AM, Info: Saving project information...
4/7/2020 9:28:35 AM, Info: Validating assembly D:\C#\s#\TCP_Client_Ssharp\TCPClient\TCPClient\bin\Debug\TCP_Client.dll...
4/7/2020 9:28:35 AM, Info: Verifying assembly D:\C#\s#\TCP_Client_Ssharp\TCPClient\TCPClient\bin\Debug\TCP_Client.dll
4/7/2020 9:28:35 AM, Info: Creating Archive D:\C#\s#\TCP_Client_Ssharp\TCPClient\TCPClient\bin\Debug\TCP_Client.clz...
4/7/2020 9:28:37 AM, Info: Saving project information...
4/7/2020 9:33:33 AM, Info: Validating assembly D:\C#\s#\TCP_Client_Ssharp\TCPClient\TCPClient\bin\Debug\TCP_Client.dll...
4/7/2020 9:33:34 AM, Info: Verifying assembly D:\C#\s#\TCP_Client_Ssharp\TCPClient\TCPClient\bin\Debug\TCP_Client.dll
4/7/2020 9:33:34 AM, Info: Creating Archive D:\C#\s#\TCP_Client_Ssharp\TCPClient\TCPClient\bin\Debug\TCP_Client.clz...
4/7/2020 9:33:35 AM, Info: Saving project information...
4/7/2020 9:58:28 AM, Info: Validating assembly D:\C#\s#\TCP_Client_Ssharp\TCPClient\TCPClient\bin\Debug\TCP_Client.dll...
4/7/2020 9:58:28 AM, Info: Verifying assembly D:\C#\s#\TCP_Client_Ssharp\TCPClient\TCPClient\bin\Debug\TCP_Client.dll
4/7/2020 9:58:29 AM, Info: Creating Archive D:\C#\s#\TCP_Client_Ssharp\TCPClient\TCPClient\bin\Debug\TCP_Client.clz...
4/7/2020 9:58:30 AM, Info: Saving project information...
4/7/2020 10:13:04 AM, Info: Terminating SIMPLSharp Services
