2/25/2020 11:49:14 AM, Info: Initializing SIMPLSharp Services...
2/25/2020 11:49:14 AM, Info: ProjectInfo successfully initialized.
2/25/2020 11:51:23 AM, Info: Validating assembly D:\C#\s#\TCP_Client_Ssharp\TCPClient\TCPClient\bin\Debug\TCP_Client.dll...
2/25/2020 11:51:24 AM, Info: Verifying assembly D:\C#\s#\TCP_Client_Ssharp\TCPClient\TCPClient\bin\Debug\TCP_Client.dll
2/25/2020 11:51:25 AM, Info: Creating Archive D:\C#\s#\TCP_Client_Ssharp\TCPClient\TCPClient\bin\Debug\TCP_Client.clz...
2/25/2020 11:51:25 AM, Info: Saving project information...
2/25/2020 12:09:28 PM, Info: Validating assembly D:\C#\s#\TCP_Client_Ssharp\TCPClient\TCPClient\bin\Debug\TCP_Client.dll...
2/25/2020 12:09:28 PM, Info: Verifying assembly D:\C#\s#\TCP_Client_Ssharp\TCPClient\TCPClient\bin\Debug\TCP_Client.dll
2/25/2020 12:09:29 PM, Info: Creating Archive D:\C#\s#\TCP_Client_Ssharp\TCPClient\TCPClient\bin\Debug\TCP_Client.clz...
2/25/2020 12:09:29 PM, Info: Saving project information...
2/25/2020 12:09:33 PM, Info: Validating assembly D:\C#\s#\TCP_Client_Ssharp\TCPClient\TCPClient\bin\Debug\TCP_Client.dll...
2/25/2020 12:09:34 PM, Info: Verifying assembly D:\C#\s#\TCP_Client_Ssharp\TCPClient\TCPClient\bin\Debug\TCP_Client.dll
2/25/2020 12:09:34 PM, Info: Creating Archive D:\C#\s#\TCP_Client_Ssharp\TCPClient\TCPClient\bin\Debug\TCP_Client.clz...
2/25/2020 12:09:35 PM, Info: Saving project information...
2/25/2020 12:11:38 PM, Info: Validating assembly D:\C#\s#\TCP_Client_Ssharp\TCPClient\TCPClient\bin\Debug\TCP_Client.dll...
2/25/2020 12:11:38 PM, Info: Verifying assembly D:\C#\s#\TCP_Client_Ssharp\TCPClient\TCPClient\bin\Debug\TCP_Client.dll
2/25/2020 12:11:39 PM, Info: Creating Archive D:\C#\s#\TCP_Client_Ssharp\TCPClient\TCPClient\bin\Debug\TCP_Client.clz...
2/25/2020 12:11:39 PM, Info: Saving project information...
2/25/2020 12:12:20 PM, Info: Validating assembly D:\C#\s#\TCP_Client_Ssharp\TCPClient\TCPClient\bin\Debug\TCP_Client.dll...
2/25/2020 12:12:20 PM, Info: Verifying assembly D:\C#\s#\TCP_Client_Ssharp\TCPClient\TCPClient\bin\Debug\TCP_Client.dll
2/25/2020 12:12:20 PM, Info: Creating Archive D:\C#\s#\TCP_Client_Ssharp\TCPClient\TCPClient\bin\Debug\TCP_Client.clz...
2/25/2020 12:12:21 PM, Info: Saving project information...
2/25/2020 12:23:01 PM, Info: Validating assembly D:\C#\s#\TCP_Client_Ssharp\TCPClient\TCPClient\bin\Debug\TCP_Client.dll...
2/25/2020 12:23:01 PM, Info: Verifying assembly D:\C#\s#\TCP_Client_Ssharp\TCPClient\TCPClient\bin\Debug\TCP_Client.dll
2/25/2020 12:23:01 PM, Info: Creating Archive D:\C#\s#\TCP_Client_Ssharp\TCPClient\TCPClient\bin\Debug\TCP_Client.clz...
2/25/2020 12:23:02 PM, Info: Saving project information...
2/25/2020 12:30:41 PM, Info: Terminating SIMPLSharp Services
