2/11/2020 6:13:49 PM, Info: Initializing SIMPLSharp Services...
2/11/2020 6:13:49 PM, Info: ProjectInfo successfully initialized.
2/11/2020 6:18:25 PM, Info: Saving project information...
2/11/2020 6:18:26 PM, Info: Saving project information...
2/11/2020 6:18:26 PM, Info: Saving project information...
2/11/2020 6:23:25 PM, Info: Saving project information...
2/11/2020 6:23:26 PM, Info: Saving project information...
2/11/2020 6:23:26 PM, Info: Saving project information...
2/11/2020 6:28:25 PM, Info: Saving project information...
2/11/2020 6:28:25 PM, Info: Saving project information...
2/11/2020 6:28:25 PM, Info: Saving project information...
2/11/2020 6:33:25 PM, Info: Saving project information...
2/11/2020 6:33:25 PM, Info: Saving project information...
2/11/2020 6:33:25 PM, Info: Saving project information...
2/11/2020 6:35:01 PM, Info: Saving project information...
2/11/2020 6:35:01 PM, Info: Saving project information...
2/11/2020 6:35:02 PM, Info: Saving project information...
2/11/2020 6:35:02 PM, Info: Saving project information...
2/11/2020 6:35:02 PM, Info: Saving project information...
2/11/2020 6:35:02 PM, Info: Saving project information...
2/11/2020 6:35:07 PM, Info: Validating assembly D:\C#\s#\TCP_Client_Ssharp\TCPClient\TCPClient\bin\Debug\TCP_Client.dll...
2/11/2020 6:35:08 PM, Info: Verifying assembly D:\C#\s#\TCP_Client_Ssharp\TCPClient\TCPClient\bin\Debug\TCP_Client.dll
2/11/2020 6:35:08 PM, Info: Creating Archive D:\C#\s#\TCP_Client_Ssharp\TCPClient\TCPClient\bin\Debug\TCP_Client.clz...
2/11/2020 6:35:09 PM, Info: Saving project information...
2/11/2020 6:35:26 PM, Info: Terminating SIMPLSharp Services
