3/31/2020 9:17:00 AM, Info: Initializing SIMPLSharp Services...
3/31/2020 9:17:00 AM, Info: ProjectInfo successfully initialized.
3/31/2020 9:25:30 AM, Info: Validating assembly D:\C#\s#\TCP_Client_Ssharp\TCPClient\TCPClient\bin\Debug\TCP_Client.dll...
3/31/2020 9:25:31 AM, Info: Verifying assembly D:\C#\s#\TCP_Client_Ssharp\TCPClient\TCPClient\bin\Debug\TCP_Client.dll
3/31/2020 9:25:31 AM, Info: Creating Archive D:\C#\s#\TCP_Client_Ssharp\TCPClient\TCPClient\bin\Debug\TCP_Client.clz...
3/31/2020 9:25:33 AM, Info: Saving project information...
3/31/2020 9:42:07 AM, Info: Validating assembly D:\C#\s#\TCP_Client_Ssharp\TCPClient\TCPClient\bin\Debug\TCP_Client.dll...
3/31/2020 9:42:08 AM, Info: Verifying assembly D:\C#\s#\TCP_Client_Ssharp\TCPClient\TCPClient\bin\Debug\TCP_Client.dll
3/31/2020 9:42:08 AM, Info: Creating Archive D:\C#\s#\TCP_Client_Ssharp\TCPClient\TCPClient\bin\Debug\TCP_Client.clz...
3/31/2020 9:42:09 AM, Info: Saving project information...
3/31/2020 10:51:22 AM, Info: Validating assembly D:\C#\s#\TCP_Client_Ssharp\TCPClient\TCPClient\bin\Debug\TCP_Client.dll...
3/31/2020 10:51:22 AM, Info: Verifying assembly D:\C#\s#\TCP_Client_Ssharp\TCPClient\TCPClient\bin\Debug\TCP_Client.dll
3/31/2020 10:51:22 AM, Info: Creating Archive D:\C#\s#\TCP_Client_Ssharp\TCPClient\TCPClient\bin\Debug\TCP_Client.clz...
3/31/2020 10:51:24 AM, Info: Saving project information...
3/31/2020 10:52:00 AM, Info: Validating assembly D:\C#\s#\TCP_Client_Ssharp\TCPClient\TCPClient\bin\Debug\TCP_Client.dll...
3/31/2020 10:52:00 AM, Info: Verifying assembly D:\C#\s#\TCP_Client_Ssharp\TCPClient\TCPClient\bin\Debug\TCP_Client.dll
3/31/2020 10:52:00 AM, Info: Creating Archive D:\C#\s#\TCP_Client_Ssharp\TCPClient\TCPClient\bin\Debug\TCP_Client.clz...
3/31/2020 10:52:02 AM, Info: Saving project information...
3/31/2020 10:52:12 AM, Info: Validating assembly D:\C#\s#\TCP_Client_Ssharp\TCPClient\TCPClient\bin\Debug\TCP_Client.dll...
3/31/2020 10:52:13 AM, Info: Verifying assembly D:\C#\s#\TCP_Client_Ssharp\TCPClient\TCPClient\bin\Debug\TCP_Client.dll
3/31/2020 10:52:14 AM, Info: Creating Archive D:\C#\s#\TCP_Client_Ssharp\TCPClient\TCPClient\bin\Debug\TCP_Client.clz...
3/31/2020 10:52:15 AM, Info: Saving project information...
3/31/2020 10:57:28 AM, Info: Validating assembly D:\C#\s#\TCP_Client_Ssharp\TCPClient\TCPClient\bin\Debug\TCP_Client.dll...
3/31/2020 10:57:28 AM, Info: Verifying assembly D:\C#\s#\TCP_Client_Ssharp\TCPClient\TCPClient\bin\Debug\TCP_Client.dll
3/31/2020 10:57:29 AM, Info: Creating Archive D:\C#\s#\TCP_Client_Ssharp\TCPClient\TCPClient\bin\Debug\TCP_Client.clz...
3/31/2020 10:57:30 AM, Info: Saving project information...
3/31/2020 10:58:37 AM, Info: Validating assembly D:\C#\s#\TCP_Client_Ssharp\TCPClient\TCPClient\bin\Debug\TCP_Client.dll...
3/31/2020 10:58:38 AM, Info: Verifying assembly D:\C#\s#\TCP_Client_Ssharp\TCPClient\TCPClient\bin\Debug\TCP_Client.dll
3/31/2020 10:58:38 AM, Info: Creating Archive D:\C#\s#\TCP_Client_Ssharp\TCPClient\TCPClient\bin\Debug\TCP_Client.clz...
3/31/2020 10:58:40 AM, Info: Saving project information...
3/31/2020 11:10:02 AM, Info: Validating assembly D:\C#\s#\TCP_Client_Ssharp\TCPClient\TCPClient\bin\Debug\TCP_Client.dll...
3/31/2020 11:10:02 AM, Info: Verifying assembly D:\C#\s#\TCP_Client_Ssharp\TCPClient\TCPClient\bin\Debug\TCP_Client.dll
3/31/2020 11:10:03 AM, Info: Creating Archive D:\C#\s#\TCP_Client_Ssharp\TCPClient\TCPClient\bin\Debug\TCP_Client.clz...
3/31/2020 11:10:04 AM, Info: Saving project information...
3/31/2020 11:10:53 AM, Info: Validating assembly D:\C#\s#\TCP_Client_Ssharp\TCPClient\TCPClient\bin\Debug\TCP_Client.dll...
3/31/2020 11:10:53 AM, Info: Verifying assembly D:\C#\s#\TCP_Client_Ssharp\TCPClient\TCPClient\bin\Debug\TCP_Client.dll
3/31/2020 11:10:53 AM, Info: Creating Archive D:\C#\s#\TCP_Client_Ssharp\TCPClient\TCPClient\bin\Debug\TCP_Client.clz...
3/31/2020 11:10:54 AM, Info: Saving project information...
3/31/2020 11:22:18 AM, Info: Validating assembly D:\C#\s#\TCP_Client_Ssharp\TCPClient\TCPClient\bin\Debug\TCP_Client.dll...
3/31/2020 11:22:18 AM, Info: Verifying assembly D:\C#\s#\TCP_Client_Ssharp\TCPClient\TCPClient\bin\Debug\TCP_Client.dll
3/31/2020 11:22:19 AM, Info: Creating Archive D:\C#\s#\TCP_Client_Ssharp\TCPClient\TCPClient\bin\Debug\TCP_Client.clz...
3/31/2020 11:22:20 AM, Info: Saving project information...
3/31/2020 12:12:07 PM, Info: Validating assembly D:\C#\s#\TCP_Client_Ssharp\TCPClient\TCPClient\bin\Debug\TCP_Client.dll...
3/31/2020 12:12:08 PM, Info: Verifying assembly D:\C#\s#\TCP_Client_Ssharp\TCPClient\TCPClient\bin\Debug\TCP_Client.dll
3/31/2020 12:12:08 PM, Info: Creating Archive D:\C#\s#\TCP_Client_Ssharp\TCPClient\TCPClient\bin\Debug\TCP_Client.clz...
3/31/2020 12:12:09 PM, Info: Saving project information...
3/31/2020 12:53:23 PM, Info: Validating assembly D:\C#\s#\TCP_Client_Ssharp\TCPClient\TCPClient\bin\Debug\TCP_Client.dll...
3/31/2020 12:53:23 PM, Info: Verifying assembly D:\C#\s#\TCP_Client_Ssharp\TCPClient\TCPClient\bin\Debug\TCP_Client.dll
3/31/2020 12:53:24 PM, Info: Creating Archive D:\C#\s#\TCP_Client_Ssharp\TCPClient\TCPClient\bin\Debug\TCP_Client.clz...
3/31/2020 12:53:25 PM, Info: Saving project information...
3/31/2020 1:32:05 PM, Info: Validating assembly D:\C#\s#\TCP_Client_Ssharp\TCPClient\TCPClient\bin\Debug\TCP_Client.dll...
3/31/2020 1:32:05 PM, Info: Verifying assembly D:\C#\s#\TCP_Client_Ssharp\TCPClient\TCPClient\bin\Debug\TCP_Client.dll
3/31/2020 1:32:05 PM, Info: Creating Archive D:\C#\s#\TCP_Client_Ssharp\TCPClient\TCPClient\bin\Debug\TCP_Client.clz...
3/31/2020 1:32:06 PM, Info: Saving project information...
3/31/2020 1:34:37 PM, Info: Validating assembly D:\C#\s#\TCP_Client_Ssharp\TCPClient\TCPClient\bin\Debug\TCP_Client.dll...
3/31/2020 1:34:37 PM, Info: Verifying assembly D:\C#\s#\TCP_Client_Ssharp\TCPClient\TCPClient\bin\Debug\TCP_Client.dll
3/31/2020 1:34:37 PM, Info: Creating Archive D:\C#\s#\TCP_Client_Ssharp\TCPClient\TCPClient\bin\Debug\TCP_Client.clz...
3/31/2020 1:34:38 PM, Info: Saving project information...
3/31/2020 1:35:03 PM, Info: Validating assembly D:\C#\s#\TCP_Client_Ssharp\TCPClient\TCPClient\bin\Debug\TCP_Client.dll...
3/31/2020 1:35:03 PM, Info: Verifying assembly D:\C#\s#\TCP_Client_Ssharp\TCPClient\TCPClient\bin\Debug\TCP_Client.dll
3/31/2020 1:35:03 PM, Info: Creating Archive D:\C#\s#\TCP_Client_Ssharp\TCPClient\TCPClient\bin\Debug\TCP_Client.clz...
3/31/2020 1:35:04 PM, Info: Saving project information...
3/31/2020 1:50:30 PM, Info: Validating assembly D:\C#\s#\TCP_Client_Ssharp\TCPClient\TCPClient\bin\Debug\TCP_Client.dll...
3/31/2020 1:50:30 PM, Info: Verifying assembly D:\C#\s#\TCP_Client_Ssharp\TCPClient\TCPClient\bin\Debug\TCP_Client.dll
3/31/2020 1:50:31 PM, Info: Creating Archive D:\C#\s#\TCP_Client_Ssharp\TCPClient\TCPClient\bin\Debug\TCP_Client.clz...
3/31/2020 1:50:32 PM, Info: Saving project information...
3/31/2020 1:52:33 PM, Info: Validating assembly D:\C#\s#\TCP_Client_Ssharp\TCPClient\TCPClient\bin\Debug\TCP_Client.dll...
3/31/2020 1:52:34 PM, Info: Verifying assembly D:\C#\s#\TCP_Client_Ssharp\TCPClient\TCPClient\bin\Debug\TCP_Client.dll
3/31/2020 1:52:34 PM, Info: Creating Archive D:\C#\s#\TCP_Client_Ssharp\TCPClient\TCPClient\bin\Debug\TCP_Client.clz...
3/31/2020 1:52:36 PM, Info: Saving project information...
3/31/2020 2:06:50 PM, Info: Validating assembly D:\C#\s#\TCP_Client_Ssharp\TCPClient\TCPClient\bin\Debug\TCP_Client.dll...
3/31/2020 2:06:50 PM, Info: Verifying assembly D:\C#\s#\TCP_Client_Ssharp\TCPClient\TCPClient\bin\Debug\TCP_Client.dll
3/31/2020 2:06:51 PM, Info: Creating Archive D:\C#\s#\TCP_Client_Ssharp\TCPClient\TCPClient\bin\Debug\TCP_Client.clz...
3/31/2020 2:06:52 PM, Info: Saving project information...
3/31/2020 2:09:01 PM, Info: Validating assembly D:\C#\s#\TCP_Client_Ssharp\TCPClient\TCPClient\bin\Debug\TCP_Client.dll...
3/31/2020 2:09:01 PM, Info: Verifying assembly D:\C#\s#\TCP_Client_Ssharp\TCPClient\TCPClient\bin\Debug\TCP_Client.dll
3/31/2020 2:09:01 PM, Info: Creating Archive D:\C#\s#\TCP_Client_Ssharp\TCPClient\TCPClient\bin\Debug\TCP_Client.clz...
3/31/2020 2:09:03 PM, Info: Saving project information...
3/31/2020 2:13:38 PM, Info: Validating assembly D:\C#\s#\TCP_Client_Ssharp\TCPClient\TCPClient\bin\Debug\TCP_Client.dll...
3/31/2020 2:13:39 PM, Info: Verifying assembly D:\C#\s#\TCP_Client_Ssharp\TCPClient\TCPClient\bin\Debug\TCP_Client.dll
3/31/2020 2:13:40 PM, Info: Creating Archive D:\C#\s#\TCP_Client_Ssharp\TCPClient\TCPClient\bin\Debug\TCP_Client.clz...
3/31/2020 2:13:41 PM, Info: Saving project information...
3/31/2020 2:14:27 PM, Info: Validating assembly D:\C#\s#\TCP_Client_Ssharp\TCPClient\TCPClient\bin\Debug\TCP_Client.dll...
3/31/2020 2:14:27 PM, Info: Verifying assembly D:\C#\s#\TCP_Client_Ssharp\TCPClient\TCPClient\bin\Debug\TCP_Client.dll
3/31/2020 2:14:27 PM, Info: Creating Archive D:\C#\s#\TCP_Client_Ssharp\TCPClient\TCPClient\bin\Debug\TCP_Client.clz...
3/31/2020 2:14:28 PM, Info: Saving project information...
3/31/2020 2:16:12 PM, Info: Validating assembly D:\C#\s#\TCP_Client_Ssharp\TCPClient\TCPClient\bin\Debug\TCP_Client.dll...
3/31/2020 2:16:12 PM, Info: Verifying assembly D:\C#\s#\TCP_Client_Ssharp\TCPClient\TCPClient\bin\Debug\TCP_Client.dll
3/31/2020 2:16:12 PM, Info: Creating Archive D:\C#\s#\TCP_Client_Ssharp\TCPClient\TCPClient\bin\Debug\TCP_Client.clz...
3/31/2020 2:16:14 PM, Info: Saving project information...
3/31/2020 2:19:11 PM, Info: Validating assembly D:\C#\s#\TCP_Client_Ssharp\TCPClient\TCPClient\bin\Debug\TCP_Client.dll...
3/31/2020 2:19:12 PM, Info: Verifying assembly D:\C#\s#\TCP_Client_Ssharp\TCPClient\TCPClient\bin\Debug\TCP_Client.dll
3/31/2020 2:19:12 PM, Info: Creating Archive D:\C#\s#\TCP_Client_Ssharp\TCPClient\TCPClient\bin\Debug\TCP_Client.clz...
3/31/2020 2:19:14 PM, Info: Saving project information...
3/31/2020 2:21:46 PM, Info: Validating assembly D:\C#\s#\TCP_Client_Ssharp\TCPClient\TCPClient\bin\Debug\TCP_Client.dll...
3/31/2020 2:21:46 PM, Info: Verifying assembly D:\C#\s#\TCP_Client_Ssharp\TCPClient\TCPClient\bin\Debug\TCP_Client.dll
3/31/2020 2:21:47 PM, Info: Creating Archive D:\C#\s#\TCP_Client_Ssharp\TCPClient\TCPClient\bin\Debug\TCP_Client.clz...
3/31/2020 2:21:48 PM, Info: Saving project information...
3/31/2020 2:31:07 PM, Info: Validating assembly D:\C#\s#\TCP_Client_Ssharp\TCPClient\TCPClient\bin\Debug\TCP_Client.dll...
3/31/2020 2:31:08 PM, Info: Verifying assembly D:\C#\s#\TCP_Client_Ssharp\TCPClient\TCPClient\bin\Debug\TCP_Client.dll
3/31/2020 2:31:08 PM, Info: Creating Archive D:\C#\s#\TCP_Client_Ssharp\TCPClient\TCPClient\bin\Debug\TCP_Client.clz...
3/31/2020 2:31:09 PM, Info: Saving project information...
3/31/2020 2:32:09 PM, Info: Validating assembly D:\C#\s#\TCP_Client_Ssharp\TCPClient\TCPClient\bin\Debug\TCP_Client.dll...
3/31/2020 2:32:09 PM, Info: Verifying assembly D:\C#\s#\TCP_Client_Ssharp\TCPClient\TCPClient\bin\Debug\TCP_Client.dll
3/31/2020 2:32:09 PM, Info: Creating Archive D:\C#\s#\TCP_Client_Ssharp\TCPClient\TCPClient\bin\Debug\TCP_Client.clz...
3/31/2020 2:32:10 PM, Info: Saving project information...
3/31/2020 2:33:28 PM, Info: Validating assembly D:\C#\s#\TCP_Client_Ssharp\TCPClient\TCPClient\bin\Debug\TCP_Client.dll...
3/31/2020 2:33:28 PM, Info: Verifying assembly D:\C#\s#\TCP_Client_Ssharp\TCPClient\TCPClient\bin\Debug\TCP_Client.dll
3/31/2020 2:33:29 PM, Info: Creating Archive D:\C#\s#\TCP_Client_Ssharp\TCPClient\TCPClient\bin\Debug\TCP_Client.clz...
3/31/2020 2:33:30 PM, Info: Saving project information...
3/31/2020 3:00:19 PM, Info: Validating assembly D:\C#\s#\TCP_Client_Ssharp\TCPClient\TCPClient\bin\Debug\TCP_Client.dll...
3/31/2020 3:00:19 PM, Info: Verifying assembly D:\C#\s#\TCP_Client_Ssharp\TCPClient\TCPClient\bin\Debug\TCP_Client.dll
3/31/2020 3:00:20 PM, Info: Creating Archive D:\C#\s#\TCP_Client_Ssharp\TCPClient\TCPClient\bin\Debug\TCP_Client.clz...
3/31/2020 3:00:21 PM, Info: Saving project information...
3/31/2020 3:03:36 PM, Info: Terminating SIMPLSharp Services
